Processing: AAACAAGA 
Sample 1 - 110494 reads in 27718 unique sequences.

Processing: AAATCATT 
Sample 1 - 48212 reads in 13829 unique sequences.

Processing: AAATTGGA 
Sample 1 - 211240 reads in 64409 unique sequences.

Processing: AACAGTAT 
Sample 1 - 250663 reads in 62982 unique sequences.

Processing: AACCCGTT 
Sample 1 - 123655 reads in 35286 unique sequences.

Processing: AAGGAACG 
Sample 1 - 2988 reads in 1805 unique sequences.

Processing: AATACAGG 
Sample 1 - 221289 reads in 42146 unique sequences.

Processing: AATGTCAA 
Sample 1 - 278530 reads in 64793 unique sequences.

Processing: ACAAACTA 
Sample 1 - 12763 reads in 6460 unique sequences.

Processing: ACACCTCG 
Sample 1 - 445979 reads in 72685 unique sequences.

Processing: ACCATACT 
Sample 1 - 171341 reads in 46901 unique sequences.

Processing: ACCTCCCA 
Sample 1 - 6204 reads in 3368 unique sequences.

Processing: ACGGGCTG 
Sample 1 - 220522 reads in 52979 unique sequences.

Processing: ACTAAGAT 
Sample 1 - 10853 reads in 4705 unique sequences.

Processing: ACTTATTG 
Sample 1 - 303174 reads in 60954 unique sequences.

Processing: AGAGAGGC 
Sample 1 - 24160 reads in 10375 unique sequences.

Processing: AGCTGACG 
Sample 1 - 24086 reads in 9450 unique sequences.

Processing: AGGCTTCA 
Sample 1 - 332370 reads in 68788 unique sequences.

Processing: AGGTCGGT 
Sample 1 - 389582 reads in 80503 unique sequences.

Processing: AGTAGATG 
Sample 1 - 12172 reads in 5234 unique sequences.

Processing: AGTATGCA 
Sample 1 - 83715 reads in 24484 unique sequences.

Processing: AGTCACCC 
Sample 1 - 27799 reads in 9709 unique sequences.

Processing: ATAGGTGG 
Sample 1 - 701118 reads in 126183 unique sequences.

Processing: ATCGCACC 
Sample 1 - 299097 reads in 61269 unique sequences.

Processing: ATGAAGTA 
Sample 1 - 276624 reads in 58152 unique sequences.

Processing: ATGCCAGC 
Sample 1 - 63332 reads in 22352 unique sequences.

Processing: CAACTTCA 
Sample 1 - 480610 reads in 76638 unique sequences.

Processing: CAAGCCTG 
Sample 1 - 220724 reads in 45391 unique sequences.

Processing: CACAACGA 
Sample 1 - 26305 reads in 11553 unique sequences.

Processing: CACTCACT 
Sample 1 - 11539 reads in 6041 unique sequences.

Processing: CAGCGGCA 
Sample 1 - 311082 reads in 52033 unique sequences.

Processing: CATCGCTA 
Sample 1 - 25737 reads in 8747 unique sequences.

Processing: CCACGCAA 
Sample 1 - 9961 reads in 4712 unique sequences.

Processing: CCCAGGCA 
Sample 1 - 120369 reads in 27750 unique sequences.

Processing: CCCGTTTC 
Sample 1 - 15203 reads in 6039 unique sequences.

Processing: CCGACAAA 
Sample 1 - 849415 reads in 122855 unique sequences.

Processing: CCGCACCG 
Sample 1 - 690 reads in 475 unique sequences.

Processing: CCTTTGAT 
Sample 1 - 170930 reads in 50524 unique sequences.

Processing: CGAATATT 
Sample 1 - 2881 reads in 1908 unique sequences.

Processing: CGACATTC 
Sample 1 - 29609 reads in 11933 unique sequences.

Processing: CGATGGTG 
Sample 1 - 672716 reads in 118161 unique sequences.

Processing: CGCCAAGG 
Sample 1 - 298413 reads in 61159 unique sequences.

Processing: CGGAGTGC 
Sample 1 - 14261 reads in 7669 unique sequences.

Processing: CGTCCCAC 
Sample 1 - 65383 reads in 20352 unique sequences.

Processing: CTACCGAT 
Sample 1 - 206784 reads in 46422 unique sequences.

Processing: CTAGAATC 
Sample 1 - 352238 reads in 67790 unique sequences.

Processing: CTCATTGG 
Sample 1 - 168171 reads in 37237 unique sequences.

Processing: CTGTTAGT 
Sample 1 - 11367 reads in 6398 unique sequences.

Processing: CTTCAGCT 
Sample 1 - 25091 reads in 10725 unique sequences.

Processing: CTTGCTTG 
Sample 1 - 144548 reads in 33103 unique sequences.

Processing: GAAACTGG 
Sample 1 - 473353 reads in 78954 unique sequences.

Processing: GACATCAT 
Sample 1 - 12556 reads in 6491 unique sequences.

Processing: GAGCACAG 
Sample 1 - 15557 reads in 6676 unique sequences.

Processing: GAGTTTGA 
Sample 1 - 37684 reads in 12885 unique sequences.

Processing: GATTGAAG 
Sample 1 - 23766 reads in 9402 unique sequences.

Processing: GCAAGATA 
Sample 1 - 18864 reads in 8870 unique sequences.

Processing: GCAATGGA 
Sample 1 - 49969 reads in 15610 unique sequences.

Processing: GCCTGTTC 
Sample 1 - 24129 reads in 10531 unique sequences.

Processing: GCGTAGGA 
Sample 1 - 75385 reads in 19438 unique sequences.

Processing: GCTGCCGC 
Sample 1 - 135593 reads in 32356 unique sequences.

Processing: GGAGGCTG 
Sample 1 - 21893 reads in 10219 unique sequences.

Processing: GGCCTCGC 
Sample 1 - 506670 reads in 85920 unique sequences.

Processing: GGCGGGAA 
Sample 1 - 398192 reads in 69910 unique sequences.

Processing: GGGCGAAA 
Sample 1 - 231871 reads in 43841 unique sequences.

Processing: GGTAATGA 
Sample 1 - 314390 reads in 59516 unique sequences.

Processing: GGTGTACC 
Sample 1 - 152990 reads in 31982 unique sequences.

Processing: GTACGTTG 
Sample 1 - 18229 reads in 7237 unique sequences.

Processing: GTAGTCGA 
Sample 1 - 110003 reads in 22610 unique sequences.

Processing: GTCACGGG 
Sample 1 - 110461 reads in 26126 unique sequences.

Processing: GTCTAACG 
Sample 1 - 544561 reads in 94263 unique sequences.

Processing: GTGCTGAT 
Sample 1 - 124967 reads in 35560 unique sequences.

Processing: GTGGATAG 
Sample 1 - 149889 reads in 40858 unique sequences.

Processing: GTTCGCAG 
Sample 1 - 107807 reads in 27565 unique sequences.

Processing: TAAGGGAG 
Sample 1 - 628724 reads in 93588 unique sequences.

Processing: TACGATAC 
Sample 1 - 71681 reads in 21078 unique sequences.

Processing: TAGAGCCA 
Sample 1 - 323831 reads in 66053 unique sequences.

Processing: TATCAATC 
Sample 1 - 665458 reads in 125615 unique sequences.

Processing: TATTCTGT 
Sample 1 - 94839 reads in 21845 unique sequences.

Processing: TCAAAGCT 
Sample 1 - 392800 reads in 88855 unique sequences.

Processing: TCATTAAG 
Sample 1 - 31786 reads in 13195 unique sequences.

Processing: TCCCGATG 
Sample 1 - 204036 reads in 40584 unique sequences.

Processing: TCCGTGCG 
Sample 1 - 304967 reads in 56554 unique sequences.

Processing: TCGAACAC 
Sample 1 - 53570 reads in 17488 unique sequences.

Processing: TCGGCTCG 
Sample 1 - 73650 reads in 20733 unique sequences.

Processing: TCTAGTCG 
Sample 1 - 39701 reads in 13941 unique sequences.

Processing: TCTGTATG 
Sample 1 - 39263 reads in 12970 unique sequences.

Processing: TGACTTAG 
Sample 1 - 51231 reads in 17025 unique sequences.

Processing: TGATAATA 
Sample 1 - 6972 reads in 3815 unique sequences.

Processing: TGCACCCG 
Sample 1 - 314896 reads in 65002 unique sequences.

Processing: TGGGACCT 
Sample 1 - 31716 reads in 12041 unique sequences.

Processing: TGTTTCCC 
Sample 1 - 489626 reads in 83762 unique sequences.

Processing: TTACTATA 
Sample 1 - 482894 reads in 101407 unique sequences.

Processing: TTATCCTT 
Sample 1 - 146535 reads in 35941 unique sequences.

Processing: TTCCAGAT 
Sample 1 - 47738 reads in 18364 unique sequences.

Processing: TTGTGGCG 
Sample 1 - 296847 reads in 59352 unique sequences.

Processing: TTTAACTG 
Sample 1 - 263008 reads in 52855 unique sequences.

