Loading (F) errors from esakows1_132789_errorsWS_F.RData
Loading (R) errors from esakows1_132789_errorsWS_R.RData
Processing: SB061716TAWCSCB33CD12BR2TR1I87 
Start Derep (1) 2018-01-10 18:40:50
Start Derep (2) 2018-01-10 18:41:00
Start DADA (1) 2018-01-10 18:41:07
Sample 1 - 471583 reads in 129909 unique sequences.

Start DADA (2) 2018-01-10 18:43:51
Sample 1 - 471583 reads in 179144 unique sequences.

Processing: SB061716TAWCSCB33CD1BR2TR1I80 
Start Derep (1) 2018-01-10 18:48:40
Start Derep (2) 2018-01-10 18:48:45
Start DADA (1) 2018-01-10 18:48:49
Sample 1 - 331605 reads in 87461 unique sequences.

Start DADA (2) 2018-01-10 18:49:39
Sample 1 - 331605 reads in 128126 unique sequences.

Processing: SB071116TAWCSCB22D11BR2TR2I613 
Start Derep (1) 2018-01-10 18:51:46
Start Derep (2) 2018-01-10 18:51:52
Start DADA (1) 2018-01-10 18:51:59
Sample 1 - 431695 reads in 113480 unique sequences.

Start DADA (2) 2018-01-10 18:54:12
Sample 1 - 431695 reads in 166549 unique sequences.

Processing: SB071116TAWCSCB22D11BR2TR2I616 
Start Derep (1) 2018-01-10 18:58:20
Start Derep (2) 2018-01-10 18:58:27
Start DADA (1) 2018-01-10 18:58:33
Sample 1 - 444594 reads in 117705 unique sequences.

Start DADA (2) 2018-01-10 19:00:54
Sample 1 - 444594 reads in 174495 unique sequences.
